<?xml version="1.0" encoding="UTF-8"?>
<testng-results skipped="0" failed="0" total="1" passed="1">
  <reporter-output>
  </reporter-output>
  <suite name="Sample test Suite" duration-ms="16" started-at="2014-07-10T12:06:41Z" finished-at="2014-07-10T12:06:41Z">
    <groups>
    </groups>
    <test name="Sample test" duration-ms="16" started-at="2014-07-10T12:06:41Z" finished-at="2014-07-10T12:06:41Z">
      <class name="SampleTest">
        <test-method status="PASS" signature="testPrintMessage()[pri:0, instance:SampleTest@889c4e]" name="testPrintMessage" duration-ms="6" started-at="2014-07-10T17:36:41Z" finished-at="2014-07-10T17:36:41Z">
          <reporter-output>
          </reporter-output>
        </test-method> <!-- testPrintMessage -->
      </class> <!-- SampleTest -->
    </test> <!-- Sample test -->
  </suite> <!-- Sample test Suite -->
</testng-results>
